mode: set
example.com/pz15-tests/internal/mathx/mathx.go:5.24,5.40 1 1
example.com/pz15-tests/internal/mathx/mathx.go:7.36,8.12 1 1
example.com/pz15-tests/internal/mathx/mathx.go:8.12,10.3 1 1
example.com/pz15-tests/internal/mathx/mathx.go:11.2,11.19 1 1
example.com/pz15-tests/internal/stringsx/stringsx.go:4.37,5.13 1 1
example.com/pz15-tests/internal/stringsx/stringsx.go:5.13,5.24 1 1
example.com/pz15-tests/internal/stringsx/stringsx.go:6.2,6.19 1 1
example.com/pz15-tests/internal/stringsx/stringsx.go:6.19,6.31 1 1
example.com/pz15-tests/internal/stringsx/stringsx.go:7.2,7.16 1 1
example.com/pz15-tests/internal/service/service.go:5.34,5.65 1 1
example.com/pz15-tests/internal/service/service.go:8.62,10.16 2 1
example.com/pz15-tests/internal/service/service.go:10.16,10.33 1 1
example.com/pz15-tests/internal/service/service.go:11.2,11.18 1 1
